<?xml version="1.0" encoding="UTF-8"?>
<testsuite xmlns:xsi="http://www.w3.org/2001/XMLSchema-instance" xsi:noNamespaceSchemaLocation="https://maven.apache.org/surefire/maven-surefire-plugin/xsd/surefire-test-report-3.0.xsd" version="3.0" name="edu.java.scrapper.client.GitHubClientTest" time="5.681" tests="1" errors="0" skipped="0" failures="0">
  <properties>
[...]
</properties>
  <testcase name="testThatGitHubClientGetLastUpdateReturnedSucceed" classname="edu.java.scrapper.client.GitHubClientTest" time="1.361">
    <system-out><![CDATA[
  .   ____          _            __ _ _
 /\\ / ___'_ __ _ _(_)_ __  __ _ \ \ \ \
( ( )\___ | '_ | '_| | '_ \/ _` | \ \ \ \
 \\/  ___)| |_)| | | | | || (_| |  ) ) ) )
  '  |____| .__|_| |_|_| |_\__, | / / / /
 =========|_|==============|___/=/_/_/_/
 :: Spring Boot ::                (v3.2.2)

10:59:34.195 &amp#27;[32mINFO &amp#27;[m [main                          ] &amp#27;[m{}&amp#27;[m r.client.GitHubClientTest -- &amp#27;[32mStarting GitHubClientTest using Java 21.0.2 with PID 12124 (started by Vadim in C:\Users\Vadim\IdeaProjects\tinkoff_second\scrapper)&amp#27;[m 
10:59:34.201 &amp#27;[36mDEBUG&amp#27;[m [main                          ] &amp#27;[m{}&amp#27;[m r.client.GitHubClientTest -- &amp#27;[36mRunning with Spring Boot v3.2.2, Spring v6.1.3&amp#27;[m 
10:59:34.202 &amp#27;[32mINFO &amp#27;[m [main                          ] &amp#27;[m{}&amp#27;[m r.client.GitHubClientTest -- &amp#27;[32mNo active profile set, falling back to 1 default profile: "default"&amp#27;[m 
10:59:34.453 &amp#27;[36mDEBUG&amp#27;[m [main                          ] &amp#27;[m{}&amp#27;[m ericWebApplicationContext -- &amp#27;[36mRefreshing org.springframework.web.context.support.GenericWebApplicationContext@1dad97ed&amp#27;[m 
10:59:36.242 &amp#27;[36mDEBUG&amp#27;[m [main                          ] &amp#27;[m{}&amp#27;[m uestMappingHandlerMapping -- &amp#27;[36m11 mappings in 'requestMappingHandlerMapping'&amp#27;[m 
10:59:36.285 &amp#27;[36mDEBUG&amp#27;[m [main                          ] &amp#27;[m{}&amp#27;[m r.SimpleUrlHandlerMapping -- &amp#27;[36mPatterns [/webjars/**, /**, /swagger-ui*/*swagger-initializer.js, /swagger-ui*/**] in 'resourceHandlerMapping'&amp#27;[m 
10:59:36.312 &amp#27;[36mDEBUG&amp#27;[m [main                          ] &amp#27;[m{}&amp#27;[m uestMappingHandlerAdapter -- &amp#27;[36mControllerAdvice beans: 0 @ModelAttribute, 0 @InitBinder, 1 RequestBodyAdvice, 1 ResponseBodyAdvice&amp#27;[m 
10:59:36.351 &amp#27;[36mDEBUG&amp#27;[m [main                          ] &amp#27;[m{}&amp#27;[m nHandlerExceptionResolver -- &amp#27;[36mControllerAdvice beans: 2 @ExceptionHandler, 1 ResponseBodyAdvice&amp#27;[m 
10:59:36.622 &amp#27;[32mINFO &amp#27;[m [main                          ] &amp#27;[m{}&amp#27;[m r.client.GitHubClientTest -- &amp#27;[32mStarted GitHubClientTest in 2.842 seconds (process running for 5.81)&amp#27;[m 
10:59:37.437 &amp#27;[36mDEBUG&amp#27;[m [main                          ] &amp#27;[m{}&amp#27;[m .client.ExchangeFunctions -- &amp#27;[36m[618707b0] HTTP GET http://localhost:8089/repos/Owner/Repo&amp#27;[m 
10:59:37.891 &amp#27;[36mDEBUG&amp#27;[m [reactor-http-nio-2            ] &amp#27;[m{}&amp#27;[m .client.ExchangeFunctions -- &amp#27;[36m[618707b0] [6fb3d441-1] Response 200 OK&amp#27;[m 
10:59:37.992 &amp#27;[36mDEBUG&amp#27;[m [reactor-http-nio-2            ] &amp#27;[m{}&amp#27;[m framework.web.HttpLogging -- &amp#27;[36m[618707b0] [6fb3d441-1] Decoded [GitResponseDTO[id=123, name=Owner/Repo, updatedAt=2024-02-06T19:19:01Z]]&amp#27;[m 
]]></system-out>
    <system-err><![CDATA[WARNING: A Java agent has been loaded dynamically (C:\Users\Vadim\.m2\repository\net\bytebuddy\byte-buddy-agent\1.14.11\byte-buddy-agent-1.14.11.jar)
WARNING: If a serviceability tool is in use, please run with -XX:+EnableDynamicAgentLoading to hide this warning
WARNING: If a serviceability tool is not in use, please run with -Djdk.instrument.traceUsage for more information
WARNING: Dynamic loading of agents will be disallowed by default in a future release
]]></system-err>
  </testcase>
</testsuite>