<?xml version="1.0" encoding="UTF-8"?>
<testsuite xmlns:xsi="http://www.w3.org/2001/XMLSchema-instance" xsi:noNamespaceSchemaLocation="https://maven.apache.org/surefire/maven-surefire-plugin/xsd/surefire-test-report-3.0.xsd" version="3.0" name="edu.java.scrapper.client.stackoverflow.StackoverflowTest" time="0.087" tests="3" errors="0" skipped="0" failures="0">
  <properties>
[...]
</properties>
  <testcase name="testThatContainerIsCreatedReturnedSucceed" classname="edu.java.scrapper.client.stackoverflow.StackoverflowTest" time="0.014"/>
  <testcase name="testThatContainerIsCreatedReturned" classname="edu.java.scrapper.client.stackoverflow.StackoverflowTest" time="0.003">
    <system-out><![CDATA[11:31:13.619 &amp#27;[32mINFO &amp#27;[m [main                          ] &amp#27;[m{}&amp#27;[m .scrapper.IntegrationTest -- &amp#27;[32mtest_db&amp#27;[m 
11:31:13.619 &amp#27;[32mINFO &amp#27;[m [main                          ] &amp#27;[m{}&amp#27;[m .scrapper.IntegrationTest -- &amp#27;[32mjdbc:postgresql://localhost:29595/test_db?loggerLevel=OFF&amp#27;[m 
]]></system-out>
  </testcase>
  <testcase name="testThatStackoverflowClientReturnedSucceed" classname="edu.java.scrapper.client.stackoverflow.StackoverflowTest" time="0.031">
    <system-out><![CDATA[11:31:13.625 &amp#27;[36mDEBUG&amp#27;[m [main                          ] &amp#27;[m{}&amp#27;[m .client.ExchangeFunctions -- &amp#27;[36m[18156a6e] HTTP GET http://localhost:8089/12345?order=desc&sort=activity&site=stackoverflow&filter=withbody&amp#27;[m 
11:31:13.637 &amp#27;[36mDEBUG&amp#27;[m [reactor-http-nio-4            ] &amp#27;[m{}&amp#27;[m .client.ExchangeFunctions -- &amp#27;[36m[18156a6e] [b5a744f8-1] Response 200 OK&amp#27;[m 
11:31:13.638 &amp#27;[36mDEBUG&amp#27;[m [reactor-http-nio-4            ] &amp#27;[m{}&amp#27;[m framework.web.HttpLogging -- &amp#27;[36m[18156a6e] [b5a744f8-1] Decoded "{"items":[{"last_activity_date":1709579044,"question_id":12345,"title":"question"}]}"&amp#27;[m 
]]></system-out>
  </testcase>
</testsuite>